[ 2016-08-02T09:39:52+08:00 ] 127.0.0.1 127.0.0.1 GET /
[ log ] www.wx.com/ [运行时间：1.3192019462585s] [吞吐率：0.76req/s] [内存消耗：1,768.09kb] [文件加载：36]
[ info ] [ ROUTE ] array (
  'type' => 'module',
  'module' => 
  array (
    0 => '',
    1 => NULL,
    2 => NULL,
  ),
)
[ info ] [ DB ] INIT mysql:array (
  'type' => 'mysql',
  'dsn' => '',
  'hostname' => '127.0.0.1',
  'database' => '123',
  'username' => 'root',
  'password' => '',
  'hostport' => '3306',
  'params' => 
  array (
  ),
  'charset' => 'utf8mb4',
  'prefix' => 'ms_',
  'debug' => true,
  'deploy' => 0,
  'rw_separate' => false,
  'master_num' => 1,
  'slave_no' => '',
  'fields_strict' => true,
  'auto_timestamp' => true,
)
[ info ] [ DB ] CONNECT: mysql:dbname=123;host=127.0.0.1;port=3306;charset=utf8mb4
[ info ] [ SESSION ] INIT array (
  'id' => '',
  'var_session_id' => '',
  'prefix' => 'think',
  'type' => '',
  'auto_start' => true,
)
[ info ] [ RUN ] Method [ <user> public method index ] {
  @@ D:\xampp\htdocs\weixin\application\index\controller\Index.php 7 - 30
}

[ info ] [ VIEW ] D:\xampp\htdocs\weixin\public/../application/index\view\index\index.html [ array (
  0 => 'shop_config',
  1 => 'goods_id',
  2 => 'goods_info',
  3 => 'nav_list',
) ]
[ info ] [ LOG ] INIT File: array (
  'path' => 'D:\\xampp\\htdocs\\weixin\\public/runtime\\log\\',
  'level' => 
  array (
  ),
)
[ sql ] [ SQL ] SELECT * FROM `ms_config` WHERE  `id` = '1' LIMIT 1    [ RunTime:0.028531s ]
[ sql ] [ SQL ] SELECT * FROM `ms_nav` WHERE  `is_show` = 1 ORDER BY sort asc  [ RunTime:0.000457s ]
[ sql ] [ SQL ] SELECT * FROM `ms_goods` WHERE  (  status=1 ) LIMIT 1   [ RunTime:0.012874s ]

[ 2016-08-02T09:40:02+08:00 ] 127.0.0.1 127.0.0.1 GET /
[ log ] www.wx.com/ [运行时间：0.04438591003418s] [吞吐率：22.53req/s] [内存消耗：1,768.09kb] [文件加载：36]
[ info ] [ ROUTE ] array (
  'type' => 'module',
  'module' => 
  array (
    0 => '',
    1 => NULL,
    2 => NULL,
  ),
)
[ info ] [ DB ] INIT mysql:array (
  'type' => 'mysql',
  'dsn' => '',
  'hostname' => '127.0.0.1',
  'database' => '123',
  'username' => 'root',
  'password' => '',
  'hostport' => '3306',
  'params' => 
  array (
  ),
  'charset' => 'utf8mb4',
  'prefix' => 'ms_',
  'debug' => true,
  'deploy' => 0,
  'rw_separate' => false,
  'master_num' => 1,
  'slave_no' => '',
  'fields_strict' => true,
  'auto_timestamp' => true,
)
[ info ] [ DB ] CONNECT: mysql:dbname=123;host=127.0.0.1;port=3306;charset=utf8mb4
[ info ] [ SESSION ] INIT array (
  'id' => '',
  'var_session_id' => '',
  'prefix' => 'think',
  'type' => '',
  'auto_start' => true,
)
[ info ] [ RUN ] Method [ <user> public method index ] {
  @@ D:\xampp\htdocs\weixin\application\index\controller\Index.php 7 - 30
}

[ info ] [ VIEW ] D:\xampp\htdocs\weixin\public/../application/index\view\index\index.html [ array (
  0 => 'shop_config',
  1 => 'goods_id',
  2 => 'goods_info',
  3 => 'nav_list',
) ]
[ info ] [ LOG ] INIT File: array (
  'path' => 'D:\\xampp\\htdocs\\weixin\\public/runtime\\log\\',
  'level' => 
  array (
  ),
)
[ sql ] [ SQL ] SELECT * FROM `ms_config` WHERE  `id` = '1' LIMIT 1    [ RunTime:0.000860s ]
[ sql ] [ SQL ] SELECT * FROM `ms_nav` WHERE  `is_show` = 1 ORDER BY sort asc  [ RunTime:0.000358s ]
[ sql ] [ SQL ] SELECT * FROM `ms_goods` WHERE  (  status=1 ) LIMIT 1   [ RunTime:0.000869s ]

[ 2016-08-02T09:40:04+08:00 ] 127.0.0.1 127.0.0.1 GET /static/index/image/user_card_top.png
[ log ] www.wx.com/static/index/image/user_card_top.png [运行时间：0.68916511535645s] [吞吐率：1.45req/s] [内存消耗：615.94kb] [文件加载：23]
[ info ] [ LANG ] D:\xampp\htdocs\weixin\thinkphp\lang\zh-cn.php
[ info ] [ LANG ] D:\xampp\htdocs\weixin\thinkphp\lang\zh-cn.php
[ info ] [ LOG ] INIT File: array (
  'path' => 'D:\\xampp\\htdocs\\weixin\\public/runtime\\log\\',
  'level' => 
  array (
  ),
)
[ error ] [0]禁止的URL后缀访问 :png[D:\xampp\htdocs\weixin\thinkphp\library\think\App.php:466]

[ 2016-08-02T09:40:04+08:00 ] 127.0.0.1 127.0.0.1 GET /static/img/idx-btm.png
[ log ] www.wx.com/static/img/idx-btm.png [运行时间：0.013062953948975s] [吞吐率：76.55req/s] [内存消耗：615.31kb] [文件加载：23]
[ info ] [ LANG ] D:\xampp\htdocs\weixin\thinkphp\lang\zh-cn.php
[ info ] [ LANG ] D:\xampp\htdocs\weixin\thinkphp\lang\zh-cn.php
[ info ] [ LOG ] INIT File: array (
  'path' => 'D:\\xampp\\htdocs\\weixin\\public/runtime\\log\\',
  'level' => 
  array (
  ),
)
[ error ] [0]禁止的URL后缀访问 :png[D:\xampp\htdocs\weixin\thinkphp\library\think\App.php:466]

[ 2016-08-02T09:40:04+08:00 ] 127.0.0.1 127.0.0.1 GET /static/img/menu_icon.png
[ log ] www.wx.com/static/img/menu_icon.png [运行时间：0.013894081115723s] [吞吐率：71.97req/s] [内存消耗：615.30kb] [文件加载：23]
[ info ] [ LANG ] D:\xampp\htdocs\weixin\thinkphp\lang\zh-cn.php
[ info ] [ LANG ] D:\xampp\htdocs\weixin\thinkphp\lang\zh-cn.php
[ info ] [ LOG ] INIT File: array (
  'path' => 'D:\\xampp\\htdocs\\weixin\\public/runtime\\log\\',
  'level' => 
  array (
  ),
)
[ error ] [0]禁止的URL后缀访问 :png[D:\xampp\htdocs\weixin\thinkphp\library\think\App.php:466]

[ 2016-08-02T09:40:04+08:00 ] 127.0.0.1 127.0.0.1 GET /static/img/space-remind.png
[ log ] www.wx.com/static/img/space-remind.png [运行时间：0.028284788131714s] [吞吐率：35.35req/s] [内存消耗：615.32kb] [文件加载：23]
[ info ] [ LANG ] D:\xampp\htdocs\weixin\thinkphp\lang\zh-cn.php
[ info ] [ LANG ] D:\xampp\htdocs\weixin\thinkphp\lang\zh-cn.php
[ info ] [ LOG ] INIT File: array (
  'path' => 'D:\\xampp\\htdocs\\weixin\\public/runtime\\log\\',
  'level' => 
  array (
  ),
)
[ error ] [0]禁止的URL后缀访问 :png[D:\xampp\htdocs\weixin\thinkphp\library\think\App.php:466]

[ 2016-08-02T09:40:04+08:00 ] 127.0.0.1 127.0.0.1 GET /static/img/home/be.png
[ log ] www.wx.com/static/img/home/be.png [运行时间：0.012968063354492s] [吞吐率：77.11req/s] [内存消耗：615.30kb] [文件加载：23]
[ info ] [ LANG ] D:\xampp\htdocs\weixin\thinkphp\lang\zh-cn.php
[ info ] [ LANG ] D:\xampp\htdocs\weixin\thinkphp\lang\zh-cn.php
[ info ] [ LOG ] INIT File: array (
  'path' => 'D:\\xampp\\htdocs\\weixin\\public/runtime\\log\\',
  'level' => 
  array (
  ),
)
[ error ] [0]禁止的URL后缀访问 :png[D:\xampp\htdocs\weixin\thinkphp\library\think\App.php:466]

[ 2016-08-02T09:40:04+08:00 ] 127.0.0.1 127.0.0.1 GET /static/img/home/mobile.png
[ log ] www.wx.com/static/img/home/mobile.png [运行时间：0.012048006057739s] [吞吐率：83.00req/s] [内存消耗：615.28kb] [文件加载：23]
[ info ] [ LANG ] D:\xampp\htdocs\weixin\thinkphp\lang\zh-cn.php
[ info ] [ LANG ] D:\xampp\htdocs\weixin\thinkphp\lang\zh-cn.php
[ info ] [ LOG ] INIT File: array (
  'path' => 'D:\\xampp\\htdocs\\weixin\\public/runtime\\log\\',
  'level' => 
  array (
  ),
)
[ error ] [0]禁止的URL后缀访问 :png[D:\xampp\htdocs\weixin\thinkphp\library\think\App.php:466]

[ 2016-08-02T09:40:04+08:00 ] 127.0.0.1 127.0.0.1 GET /static/img/home/fe.png
[ log ] www.wx.com/static/img/home/fe.png [运行时间：0.013509035110474s] [吞吐率：74.02req/s] [内存消耗：615.30kb] [文件加载：23]
[ info ] [ LANG ] D:\xampp\htdocs\weixin\thinkphp\lang\zh-cn.php
[ info ] [ LANG ] D:\xampp\htdocs\weixin\thinkphp\lang\zh-cn.php
[ info ] [ LOG ] INIT File: array (
  'path' => 'D:\\xampp\\htdocs\\weixin\\public/runtime\\log\\',
  'level' => 
  array (
  ),
)
[ error ] [0]禁止的URL后缀访问 :png[D:\xampp\htdocs\weixin\thinkphp\library\think\App.php:466]

[ 2016-08-02T09:40:04+08:00 ] 127.0.0.1 127.0.0.1 GET /static/img/home/data.png
[ log ] www.wx.com/static/img/home/data.png [运行时间：0.012675046920776s] [吞吐率：78.90req/s] [内存消耗：615.28kb] [文件加载：23]
[ info ] [ LANG ] D:\xampp\htdocs\weixin\thinkphp\lang\zh-cn.php
[ info ] [ LANG ] D:\xampp\htdocs\weixin\thinkphp\lang\zh-cn.php
[ info ] [ LOG ] INIT File: array (
  'path' => 'D:\\xampp\\htdocs\\weixin\\public/runtime\\log\\',
  'level' => 
  array (
  ),
)
[ error ] [0]禁止的URL后缀访问 :png[D:\xampp\htdocs\weixin\thinkphp\library\think\App.php:466]

[ 2016-08-02T09:40:04+08:00 ] 127.0.0.1 127.0.0.1 GET /static/img/home/photo.png
[ log ] www.wx.com/static/img/home/photo.png [运行时间：0.01398491859436s] [吞吐率：71.51req/s] [内存消耗：615.28kb] [文件加载：23]
[ info ] [ LANG ] D:\xampp\htdocs\weixin\thinkphp\lang\zh-cn.php
[ info ] [ LANG ] D:\xampp\htdocs\weixin\thinkphp\lang\zh-cn.php
[ info ] [ LOG ] INIT File: array (
  'path' => 'D:\\xampp\\htdocs\\weixin\\public/runtime\\log\\',
  'level' => 
  array (
  ),
)
[ error ] [0]禁止的URL后缀访问 :png[D:\xampp\htdocs\weixin\thinkphp\library\think\App.php:466]

